0 info it worked if it ends with ok
1 verbose cli [ 'node', '/usr/local/bin/npm', 'install', 'docpad', '-fg' ]
2 info using npm@1.1.61
3 info using node@v0.6.10
4 verbose read json /usr/local/lib/package.json
5 verbose read json /usr/local/lib/package.json
6 verbose cache add [ 'docpad', null ]
7 silly cache add name=undefined spec="docpad" args=["docpad",null]
8 verbose parsed url { pathname: 'docpad', path: 'docpad', href: 'docpad' }
9 silly lockFile 0b0340b3-docpad docpad
10 verbose lock docpad /Users/tyler/.npm/0b0340b3-docpad.lock
11 silly lockFile 0b0340b3-docpad docpad
12 verbose addNamed [ 'docpad', '' ]
13 verbose addNamed [ null, '' ]
14 silly lockFile b2a08634-docpad docpad@
15 verbose lock docpad@ /Users/tyler/.npm/b2a08634-docpad.lock
16 silly addNameRange { name: 'docpad', range: '', hasData: false }
17 verbose url raw docpad
18 verbose url resolving [ 'https://registry.npmjs.org/', './docpad' ]
19 verbose url resolved https://registry.npmjs.org/docpad
20 info trying registry request attempt 1 at 11:27:54
21 verbose etag "9P5QY669Y18PT4ZQHFG5BP2WG"
22 http GET https://registry.npmjs.org/docpad
23 http 304 https://registry.npmjs.org/docpad
24 silly registry.get cb [ 304,
24 silly registry.get   { server: 'CouchDB/1.2.0 (Erlang OTP/R15B)',
24 silly registry.get     etag: '"9P5QY669Y18PT4ZQHFG5BP2WG"',
24 silly registry.get     date: 'Fri, 09 Nov 2012 19:27:37 GMT',
24 silly registry.get     'content-length': '0' } ]
25 verbose etag docpad from cache
26 silly addNameRange number 2 { name: 'docpad', range: '', hasData: true }
27 silly addNameRange versions [ 'docpad',
27 silly addNameRange   [ '0.1.0',
27 silly addNameRange     '0.4.0',
27 silly addNameRange     '0.5.0',
27 silly addNameRange     '0.5.1',
27 silly addNameRange     '0.6.0',
27 silly addNameRange     '0.6.1',
27 silly addNameRange     '0.7.0',
27 silly addNameRange     '0.8.0',
27 silly addNameRange     '0.8.1',
27 silly addNameRange     '0.8.3',
27 silly addNameRange     '0.9.0',
27 silly addNameRange     '0.9.1',
27 silly addNameRange     '0.9.2',
27 silly addNameRange     '0.9.3',
27 silly addNameRange     '0.9.4',
27 silly addNameRange     '0.9.5',
27 silly addNameRange     '0.9.6',
27 silly addNameRange     '0.9.7',
27 silly addNameRange     '0.9.8',
27 silly addNameRange     '0.9.9',
27 silly addNameRange     '0.9.10',
27 silly addNameRange     '0.9.11',
27 silly addNameRange     '0.9.12',
27 silly addNameRange     '0.9.13',
27 silly addNameRange     '0.9.14',
27 silly addNameRange     '0.9.15',
27 silly addNameRange     '0.9.16',
27 silly addNameRange     '0.9.17',
27 silly addNameRange     '0.9.18',
27 silly addNameRange     '0.9.19',
27 silly addNameRange     '0.9.20',
27 silly addNameRange     '0.9.21',
27 silly addNameRange     '0.9.22',
27 silly addNameRange     '0.10.0',
27 silly addNameRange     '1.0.0',
27 silly addNameRange     '1.0.1',
27 silly addNameRange     '1.0.2',
27 silly addNameRange     '1.0.3',
27 silly addNameRange     '1.1.1',
27 silly addNameRange     '1.1.2',
27 silly addNameRange     '1.1.3',
27 silly addNameRange     '1.1.4',
27 silly addNameRange     '1.1.6',
27 silly addNameRange     '1.2.0',
27 silly addNameRange     '1.2.1',
27 silly addNameRange     '1.2.2',
27 silly addNameRange     '1.2.3',
27 silly addNameRange     '1.2.4',
27 silly addNameRange     '1.2.5',
27 silly addNameRange     '1.3.0',
27 silly addNameRange     '1.3.1',
27 silly addNameRange     '1.3.2',
27 silly addNameRange     '1.3.3',
27 silly addNameRange     '1.3.5',
27 silly addNameRange     '1.3.6',
27 silly addNameRange     '1.3.7',
27 silly addNameRange     '1.3.8',
27 silly addNameRange     '1.4.0',
27 silly addNameRange     '1.4.1',
27 silly addNameRange     '2.0.0',
27 silly addNameRange     '2.0.1',
27 silly addNameRange     '2.0.2',
27 silly addNameRange     '2.1.0',
27 silly addNameRange     '2.1.1',
27 silly addNameRange     '2.2.0',
27 silly addNameRange     '2.2.1',
27 silly addNameRange     '2.3.0',
27 silly addNameRange     '2.3.1',
27 silly addNameRange     '2.3.2',
27 silly addNameRange     '2.3.3',
27 silly addNameRange     '2.3.4',
27 silly addNameRange     '2.3.5',
27 silly addNameRange     '2.3.6',
27 silly addNameRange     '2.3.7',
27 silly addNameRange     '2.3.8',
27 silly addNameRange     '2.4.0',
27 silly addNameRange     '2.5.0',
27 silly addNameRange     '2.6.0',
27 silly addNameRange     '2.6.1',
27 silly addNameRange     '3.2.0',
27 silly addNameRange     '3.2.1',
27 silly addNameRange     '3.2.2',
27 silly addNameRange     '3.2.3',
27 silly addNameRange     '3.2.4',
27 silly addNameRange     '3.2.5',
27 silly addNameRange     '3.2.6',
27 silly addNameRange     '3.2.7',
27 silly addNameRange     '3.2.8',
27 silly addNameRange     '3.3.0',
27 silly addNameRange     '3.3.1',
27 silly addNameRange     '3.3.2',
27 silly addNameRange     '4.0.0',
27 silly addNameRange     '4.0.1',
27 silly addNameRange     '4.0.2',
27 silly addNameRange     '4.0.3',
27 silly addNameRange     '4.1.0',
27 silly addNameRange     '4.1.1',
27 silly addNameRange     '5.0.0',
27 silly addNameRange     '5.0.1',
27 silly addNameRange     '5.0.2',
27 silly addNameRange     '5.0.3',
27 silly addNameRange     '5.0.4',
27 silly addNameRange     '5.0.5',
27 silly addNameRange     '5.1.0',
27 silly addNameRange     '5.1.1',
27 silly addNameRange     '5.1.2',
27 silly addNameRange     '5.2.0',
27 silly addNameRange     '5.2.1',
27 silly addNameRange     '5.2.2',
27 silly addNameRange     '5.2.3',
27 silly addNameRange     '5.2.4',
27 silly addNameRange     '5.2.5',
27 silly addNameRange     '6.0.0',
27 silly addNameRange     '6.0.2',
27 silly addNameRange     '6.0.3',
27 silly addNameRange     '6.0.4',
27 silly addNameRange     '6.0.5',
27 silly addNameRange     '6.0.6',
27 silly addNameRange     '6.0.7',
27 silly addNameRange     '6.0.8',
27 silly addNameRange     '6.0.9',
27 silly addNameRange     '6.0.10',
27 silly addNameRange     '6.0.11',
27 silly addNameRange     '6.0.12',
27 silly addNameRange     '6.0.13',
27 silly addNameRange     '6.0.14',
27 silly addNameRange     '6.1.0',
27 silly addNameRange     '6.1.2',
27 silly addNameRange     '6.1.3',
27 silly addNameRange     '6.2.0',
27 silly addNameRange     '6.3.0',
27 silly addNameRange     '6.3.1',
27 silly addNameRange     '6.3.2',
27 silly addNameRange     '6.3.3',
27 silly addNameRange     '6.4.0',
27 silly addNameRange     '6.4.1',
27 silly addNameRange     '6.4.2',
27 silly addNameRange     '6.5.0-dev',
27 silly addNameRange     '6.5.1-dev',
27 silly addNameRange     '6.5.2-dev',
27 silly addNameRange     '6.5.3-dev',
27 silly addNameRange     '6.5.4',
27 silly addNameRange     '6.5.5',
27 silly addNameRange     '6.5.6',
27 silly addNameRange     '6.5.7',
27 silly addNameRange     '6.6.1',
27 silly addNameRange     '6.6.2',
27 silly addNameRange     '6.6.3',
27 silly addNameRange     '6.6.4',
27 silly addNameRange     '6.6.5',
27 silly addNameRange     '6.6.6',
27 silly addNameRange     '6.6.7',
27 silly addNameRange     '6.6.8',
27 silly addNameRange     '6.7.0',
27 silly addNameRange     '6.7.1',
27 silly addNameRange     '6.7.2',
27 silly addNameRange     '6.7.3',
27 silly addNameRange     '6.7.4',
27 silly addNameRange     '6.8.0',
27 silly addNameRange     '6.8.1',
27 silly addNameRange     '6.8.2',
27 silly addNameRange     '6.8.3',
27 silly addNameRange     '6.8.4',
27 silly addNameRange     '6.9.0',
27 silly addNameRange     '6.9.1',
27 silly addNameRange     '6.9.2',
27 silly addNameRange     '6.10.0',
27 silly addNameRange     '6.11.0' ] ]
28 verbose addNamed [ 'docpad', '6.11.0' ]
29 verbose addNamed [ '6.11.0', '6.11.0' ]
30 silly lockFile 646c8701-docpad-6-11-0 docpad@6.11.0
31 verbose lock docpad@6.11.0 /Users/tyler/.npm/646c8701-docpad-6-11-0.lock
32 silly lockFile 192c2118-mjs-org-docpad-docpad-6-11-0-tgz https://registry.npmjs.org/docpad/-/docpad-6.11.0.tgz
33 verbose lock https://registry.npmjs.org/docpad/-/docpad-6.11.0.tgz /Users/tyler/.npm/192c2118-mjs-org-docpad-docpad-6-11-0-tgz.lock
34 verbose addRemoteTarball [ 'https://registry.npmjs.org/docpad/-/docpad-6.11.0.tgz',
34 verbose addRemoteTarball   'd8f7d271935dee3976fff33821ab391d661bd98c' ]
35 info retry fetch attempt 1 at 11:27:55
36 verbose fetch to= /Users/tyler/tmp/npm-28718/1352489275615-0.9029889586381614/tmp.tgz
37 http GET https://registry.npmjs.org/docpad/-/docpad-6.11.0.tgz
38 http 200 https://registry.npmjs.org/docpad/-/docpad-6.11.0.tgz
39 silly shasum updated bytes 40960
40 silly shasum updated bytes 10934
41 info shasum d8f7d271935dee3976fff33821ab391d661bd98c
41 info shasum /Users/tyler/tmp/npm-28718/1352489275615-0.9029889586381614/tmp.tgz
42 verbose tar unpack /Users/tyler/tmp/npm-28718/1352489275615-0.9029889586381614/tmp.tgz
43 silly lockFile 3822e5b7-75615-0-9029889586381614-package /Users/tyler/tmp/npm-28718/1352489275615-0.9029889586381614/package
44 verbose lock /Users/tyler/tmp/npm-28718/1352489275615-0.9029889586381614/package /Users/tyler/.npm/3822e5b7-75615-0-9029889586381614-package.lock
45 silly gunzTarPerm modes [ '755', '644' ]
46 silly gunzTarPerm extractEntry package.json
47 silly gunzTarPerm extractEntry .npmignore
48 silly gunzTarPerm extractEntry README.md
49 silly gunzTarPerm extractEntry bin/docpad
50 silly gunzTarPerm extractEntry bin/docpad-debug
51 silly gunzTarPerm extractEntry bin/docpad-server
52 silly gunzTarPerm extractEntry History.md
53 silly gunzTarPerm extractEntry LICENSE.txt
54 silly gunzTarPerm extractEntry locale/en.cson
55 silly gunzTarPerm extractEntry out/main.js
56 silly gunzTarPerm extractEntry out/bin/docpad-server.js
57 silly gunzTarPerm extractEntry out/bin/docpad.js
58 silly gunzTarPerm extractEntry out/lib/base.js
59 silly gunzTarPerm extractEntry out/lib/docpad.js
60 silly gunzTarPerm extractEntry out/lib/plugin-loader.js
61 silly gunzTarPerm extractEntry out/lib/plugin.js
62 silly gunzTarPerm extractEntry out/lib/prototypes.js
63 silly gunzTarPerm extractEntry out/lib/testers.js
64 silly gunzTarPerm extractEntry out/lib/collections/elements.js
65 silly gunzTarPerm extractEntry out/lib/collections/files.js
66 silly gunzTarPerm extractEntry out/lib/collections/meta.js
67 silly gunzTarPerm extractEntry out/lib/collections/scripts.js
68 silly gunzTarPerm extractEntry out/lib/collections/styles.js
69 silly gunzTarPerm extractEntry out/lib/interfaces/console.js
70 silly gunzTarPerm extractEntry out/lib/models/document.js
71 silly gunzTarPerm extractEntry out/lib/models/file.js
72 verbose read json /Users/tyler/tmp/npm-28718/1352489275615-0.9029889586381614/package/package.json
73 silly lockFile 3822e5b7-75615-0-9029889586381614-package /Users/tyler/tmp/npm-28718/1352489275615-0.9029889586381614/package
74 verbose from cache /Users/tyler/tmp/npm-28718/1352489275615-0.9029889586381614/package/package.json
75 verbose tar pack [ '/Users/tyler/.npm/docpad/6.11.0/package.tgz',
75 verbose tar pack   '/Users/tyler/tmp/npm-28718/1352489275615-0.9029889586381614/package' ]
76 verbose tarball /Users/tyler/.npm/docpad/6.11.0/package.tgz
77 verbose folder /Users/tyler/tmp/npm-28718/1352489275615-0.9029889586381614/package
78 silly lockFile c8a8919f-er-npm-docpad-6-11-0-package-tgz /Users/tyler/.npm/docpad/6.11.0/package.tgz
79 verbose lock /Users/tyler/.npm/docpad/6.11.0/package.tgz /Users/tyler/.npm/c8a8919f-er-npm-docpad-6-11-0-package-tgz.lock
80 silly lockFile c8a8919f-er-npm-docpad-6-11-0-package-tgz /Users/tyler/.npm/docpad/6.11.0/package.tgz
81 silly lockFile 727824c5--tyler-npm-docpad-6-11-0-package /Users/tyler/.npm/docpad/6.11.0/package
82 verbose lock /Users/tyler/.npm/docpad/6.11.0/package /Users/tyler/.npm/727824c5--tyler-npm-docpad-6-11-0-package.lock
83 silly lockFile 727824c5--tyler-npm-docpad-6-11-0-package /Users/tyler/.npm/docpad/6.11.0/package
84 verbose tar unpack /Users/tyler/.npm/docpad/6.11.0/package.tgz
85 silly lockFile 727824c5--tyler-npm-docpad-6-11-0-package /Users/tyler/.npm/docpad/6.11.0/package
86 verbose lock /Users/tyler/.npm/docpad/6.11.0/package /Users/tyler/.npm/727824c5--tyler-npm-docpad-6-11-0-package.lock
87 silly gunzTarPerm modes [ '755', '644' ]
88 silly gunzTarPerm extractEntry package.json
89 silly gunzTarPerm extractEntry .npmignore
90 silly gunzTarPerm extractEntry README.md
91 silly gunzTarPerm extractEntry bin/docpad
92 silly gunzTarPerm extractEntry bin/docpad-debug
93 silly gunzTarPerm extractEntry bin/docpad-server
94 silly gunzTarPerm extractEntry History.md
95 silly gunzTarPerm extractEntry LICENSE.txt
96 silly gunzTarPerm extractEntry locale/en.cson
97 silly gunzTarPerm extractEntry out/main.js
98 silly gunzTarPerm extractEntry out/bin/docpad-server.js
99 silly gunzTarPerm extractEntry out/bin/docpad.js
100 silly gunzTarPerm extractEntry out/lib/base.js
101 silly gunzTarPerm extractEntry out/lib/docpad.js
102 silly gunzTarPerm extractEntry out/lib/plugin-loader.js
103 silly gunzTarPerm extractEntry out/lib/plugin.js
104 silly gunzTarPerm extractEntry out/lib/prototypes.js
105 silly gunzTarPerm extractEntry out/lib/testers.js
106 silly gunzTarPerm extractEntry out/lib/collections/elements.js
107 silly gunzTarPerm extractEntry out/lib/collections/files.js
108 silly gunzTarPerm extractEntry out/lib/collections/meta.js
109 silly gunzTarPerm extractEntry out/lib/collections/scripts.js
110 silly gunzTarPerm extractEntry out/lib/collections/styles.js
111 silly gunzTarPerm extractEntry out/lib/interfaces/console.js
112 silly gunzTarPerm extractEntry out/lib/models/document.js
113 silly gunzTarPerm extractEntry out/lib/models/file.js
114 verbose read json /Users/tyler/.npm/docpad/6.11.0/package/package.json
115 silly lockFile 727824c5--tyler-npm-docpad-6-11-0-package /Users/tyler/.npm/docpad/6.11.0/package
116 silly shasum updated bytes 40960
117 silly shasum updated bytes 10941
118 info shasum f4920c702b45ced7f709db92778182129d11b8f4
118 info shasum /Users/tyler/.npm/docpad/6.11.0/package.tgz
119 verbose from cache /Users/tyler/.npm/docpad/6.11.0/package/package.json
120 verbose chmod /Users/tyler/.npm/docpad/6.11.0/package.tgz 644
121 verbose chown /Users/tyler/.npm/docpad/6.11.0/package.tgz [ 502, 20 ]
122 silly lockFile 192c2118-mjs-org-docpad-docpad-6-11-0-tgz https://registry.npmjs.org/docpad/-/docpad-6.11.0.tgz
123 silly lockFile 646c8701-docpad-6-11-0 docpad@6.11.0
124 silly lockFile b2a08634-docpad docpad@
125 silly resolved [ { name: 'docpad',
125 silly resolved     version: '6.11.0',
125 silly resolved     description: 'DocPad is a language agnostic document management system. This means you write your website as documents, in whatever language you wish, and DocPad will handle the compiling, templates and layouts for you. For static documents it will generate static files, for dynamic documents it\'ll re-render them on each request. You can utilise DocPad by itself, or use it as a module your own custom system. It\'s pretty cool, and well worth checking out. We love it.',
125 silly resolved     homepage: 'https://github.com/bevry/docpad',
125 silly resolved     keywords:
125 silly resolved      [ 'document management system',
125 silly resolved        'content management system',
125 silly resolved        'dms',
125 silly resolved        'cms',
125 silly resolved        'static site generator',
125 silly resolved        'framework',
125 silly resolved        'generator',
125 silly resolved        'compiler',
125 silly resolved        'builder',
125 silly resolved        'language agnostic',
125 silly resolved        'website',
125 silly resolved        'blog',
125 silly resolved        'front-end',
125 silly resolved        'development',
125 silly resolved        'dev',
125 silly resolved        'build',
125 silly resolved        'web',
125 silly resolved        'tool',
125 silly resolved        'cli',
125 silly resolved        'scaffold' ],
125 silly resolved     author:
125 silly resolved      { name: 'Bevry Pty Ltd',
125 silly resolved        email: 'us@bevry.me',
125 silly resolved        url: 'http://bevry.me' },
125 silly resolved     maintainers: [ [Object] ],
125 silly resolved     contributors:
125 silly resolved      [ [Object],
125 silly resolved        [Object],
125 silly resolved        [Object],
125 silly resolved        [Object],
125 silly resolved        [Object],
125 silly resolved        [Object],
125 silly resolved        [Object],
125 silly resolved        [Object],
125 silly resolved        [Object],
125 silly resolved        [Object],
125 silly resolved        [Object],
125 silly resolved        [Object],
125 silly resolved        [Object],
125 silly resolved        [Object],
125 silly resolved        [Object] ],
125 silly resolved     bugs: { url: 'https://github.com/bevry/docpad/issues' },
125 silly resolved     repository: { type: 'git', url: 'http://github.com/bevry/docpad.git' },
125 silly resolved     engines: { node: '>=0.6.0', npm: '>=1.1.0' },
125 silly resolved     dependencies:
125 silly resolved      { airbrake: '0.2.x',
125 silly resolved        'bal-util': '>=1.13.8 <1.14',
125 silly resolved        caterpillar: '1.1.x',
125 silly resolved        commander: '1.0.x',
125 silly resolved        cson: '1.4.x',
125 silly resolved        express: '3.0.x',
125 silly resolved        growl: '1.4.x',
125 silly resolved        mime: '1.2.x',
125 silly resolved        'query-engine': '1.4.x',
125 silly resolved        semver: '1.0.x',
125 silly resolved        request: '2.11.x',
125 silly resolved        underscore: '1.4.x',
125 silly resolved        watchr: '>=2.1.5 <2.2',
125 silly resolved        yamljs: '0.1.x' },
125 silly resolved     optionalDependencies: { airbrake: '0.2.x', growl: '1.4.x' },
125 silly resolved     devDependencies: { 'coffee-script': '1.4.x', chai: '1.3.x', joe: '1.1.x' },
125 silly resolved     directories: { lib: './out/lib' },
125 silly resolved     bin:
125 silly resolved      { docpad: './bin/docpad',
125 silly resolved        'docpad-debug': './bin/docpad-debug',
125 silly resolved        'docpad-server': './bin/docpad-server' },
125 silly resolved     scripts: { test: 'node ./out/test/everything.test.js' },
125 silly resolved     main: './out/main.js',
125 silly resolved     readme: '# DocPad. Streamlined web development. [![Build Status](https://secure.travis-ci.org/bevry/docpad.png?branch=master)](http://travis-ci.org/bevry/docpad)\n\nHi! I\'m DocPad, I streamline the web development process and help close the gap between experts and beginners. I\'ve been used in production by big and small companies for over a year and a half now to create [plenty of amazing and powerful web sites and applications](http://bevry.me/docpad/showcase) quicker than ever before. What makes me different is instead of being a box to cram yourself into and hold you back, I\'m a freeway to what you want to accomplish, just getting out of your way and allowing you to create stuff quicker than ever before without limits. Leave the redudant stuff up to me, so you can focus on the awesome stuff.\n\nDiscover my features below, or skip ahead to the installation instructions to get started with a [fully functional pre-made website](http://bevry.me/docpad/skeletons) in a few minutes from reading this.\n\n## Features\n\n### Out of the box\n\n- Competely file based meaning there is no pesky databases that need to be installed, and for version control you get to use systems like Git and SVN which you\'re already use to (You can still hook in remote data sources if you want, DocPad doesn\'t impose any limits on you, ever)\n- Choose from plenty of community maintained [pre-made websites](http://bevry.me/docpad/skeletons) to use for your next project instead of starting from scratch everytime\n- Write your documents in any language, markup, templating engine, or pre-processor you wish (we\'re truly agnostic thanks to your plugin system). You can even mix and match them when needed by combining their extensions in a rails like fashion (e.g. `coffee-with-some-eco.js.coffee.eco`)\n- Changes to your website are automatically recompiled through our built in watch system\n- Add meta data to the top of your files to be used by templating engines to display non-standard information such as titles and descriptions for your documents\n- Display custom listings of content with our powerful [Query Engine](https://github.com/bevry/query-engine/) available to your templating engines\n- Abstract out generic headers and footers into layouts using our nested layout system\n- For simple static websites easily deploy your generated website to any web server like apache or github pages. For dynamic projects deploy them to servers like [heroku](http://www.heroku.com/) or [nodejitsu](http://nodejitsu.com/) to take advantage of custom routing with [express.js](http://expressjs.com/). [Deploy guide here](http://bevry.me/docpad/deploy)\n- Built-in server to save you from having to startup your own, for dynamic deployments this even supports things like clean urls, custom routes and server-side logic\n- Robust architecture and powerful plugin system means that you are never boxed in unlike traditional CMS systems, instead you can always [extend DocPad](http://bevry.me/docpad/extend) to do whatever you need it to do, and you can even write to bundle common custom functionality and distribute them through the amazing node package manager [npm](http://npmjs.org/)\n- Built in support for dynamic documents (e.g. search pages, signup forms, etc.), so you can code pages that change on each request by just adding `dynamic: true` to your document\'s meta data (exposes the [express.js](http://expressjs.com/) `req` and `res` objects to your templating engine)\n- You can use it standalone, or even easily include it within your existing systems with our [API](http://bevry.me/docpad/api)\n\n\n### With our amazing community maintained plugins\n\n- Use the [Live Reload](http://docpad.org/plugin/livereload/) plugin to automatically refresh your web browser whenever a change is made, this is amazing\n- Pull in remote RSS/Atom/JSON feeds into your templating engines allowing you to display your latest twitter updates or github projects easily and effortlessly using the [Feedr Plugin](http://docpad.org/plugin/feedr/)\n- Support for every templating engine and pre-processor under the sun, including  but not limited to CoffeeScript, CoffeeKup, ECO, HAML, Handlebars, Jade, Less, Markdown, PHP, Ruby, SASS and Stylus - [the full listing is here](http://bevry.me/docpad/plugins)\n- Use the [Partials Plugin](http://docpad.org/plugin/partials) to abstract common pieces of code into their own individual file that can be included as much as you want\n- Syntax highlight code blocks automatically with either our [Highlight.js Plugin](http://docpad.org/plugin/highlightjs/) or [Pygments Plugin](http://docpad.org/plugin/pygments/)\n- Get SEO friendly clean URLs with our [Clean URLs Plugin](http://docpad.org/plugin/cleanurls/) (dynamic deployments only)\n- Lint your code automatically with our Lint Plugin - under construction, coming soon\n- Concatenate and minify your JavaScript and CSS assets making page loads faster for your users with our Minify Plugin - under construction, coming soon\n- Install common javascript libraries like jQuery, Backbone and Underscore directly from the command line - under construction, coming soon\n- Automatically translate your entire website into other languages with our Translation Plugin - under construction, coming soon\n- Add a admin interface to your website allowing you to edit, save and preview your changes on live websites then push them back to your source repository with the Admin Plugin - under construction, coming soon\n- Pretty much if DocPad doesn\'t already do something, it is trivial to [write a plugin](http://bevry.me/docpad/extend) to do it, seriously DocPad can accomplish anything, it never holds you back, there are no limits, it\'s like super powered guardian angel\n- There are also [plenty of other plugins](http://bevry.me/docpad/plugins) not listed here that are still definitely worth checking out! :)\n\n\n## People love DocPad\n\nAll sorts of people love DocPad, from first time web developers to even industry leaders and experts. In fact, people even migrate to DocPad from other systems as they love it so much. Here are some our [favourite tweets](https://twitter.com/#!/DocPad/favorites) of what people are saying about DocPad :)\n\n[![Some favourite tweets about DocPad](https://raw.github.com/bevry/docpad/dev/docs/favs.gif)](https://twitter.com/#!/DocPad/favorites)\n\n\n\n\n## [Installation](http://bevry.me/docpad/install)\n\n[Click here for our latest Install Instructions](http://bevry.me/docpad/install)\n\n\n## [Quick Start](http://bevry.me/docpad/start)\n\n[Click here for our latest Quick Start Guide](http://bevry.me/docpad/start)\n\n\n## What next?\n\nHere are some quick links to help you get started:\n\n- [Getting Started](http://bevry.me/docpad/overview)\n- [Frequently Asked Questions](http://bevry.me/docpad/faq)\n- [Showcase and Examples](http://bevry.me/docpad/showcase)\n- [Guides and Tutorials](http://bevry.me/learn)\n- [Deployment Guide](http://bevry.me/docpad/deploy)\n- [Extension Guide](http://bevry.me/docpad/extend)\n- [Plugins](http://bevry.me/docpad/plugins)\n- [Skeletons](http://bevry.me/docpad/skeletons)\n- [Troubleshooting](http://bevry.me/docpad/troubleshoot)\n- [Support Forum](http://bevry.me/docpad/forum)\n- [Bug Tracker](http://bevry.me/docpad/issues)\n- IRC Chat Room: `#docpad` on freenode\n- [Everything else](http://bevry.me/learn/)\n\n\n\n## History\n\nYou can discover the version history inside the [History.md](https://github.com/bevry/docpad/blob/master/History.md#files) file\n\n\n\n## License\n\nLicensed under the incredibly [permissive](http://en.wikipedia.org/wiki/Permissive_free_software_licence) [MIT License](http://creativecommons.org/licenses/MIT/)\n<br/>Copyright &copy; 2012 [Bevry Pty Ltd](http://bevry.me)\n<br/>Copyright &copy; 2011 [Benjamin Lupton](http://balupton.com)\n\n\n\n## Special Thanks\n\nSpecial thanks to all our wonderful contributors who have helped shaped the DocPad core of today:\n\n- [Benjamin Lupton](https://github.com/balupton)\n- [Nick Crohn](https://github.com/ncrohn)\n- [eldios](https://github.com/eldios)\n- [Changwoo Park](https://github.com/pismute)\n- [Bruno Héridet](https://github.com/Delapouite)\n- [Todd Anglin](https://github.com/toddanglin)\n- [Olivier Bazoud](https://github.com/obazoud)\n- [Zhao Lei](https://github.com/firede)\n- [Aaron Powell](https://github.com/aaronpowell)\n- [Andrew Patton](https://github.com/acusti)\n- [Paul Armstrong](https://github.com/paularmstrong)\n- [Sorin Ionescu](https://github.com/sorin-ionescu)\n- [Ferrari Lee](https://github.com/Ferrari)\n- [Ben Barber](https://github.com/barberboy)\n- [Sven Vetsch](https://github.com/disenchant)\n\nAlso thanks to all the countless others who have continued to raise DocPad even higher by submitting plugins, issues reports, discussion topics, IRC chat messages, and praise on twitter. We love you.\n\nLastly, thank YOU for giving us a go, believing us, and loving us. We love you too.\n\nSincerely, the DocPad team\n\n[![Flattr this project](http://api.flattr.com/button/flattr-badge-large.png)](http://flattr.com/thing/344188/balupton-on-Flattr)',
125 silly resolved     _id: 'docpad@6.11.0',
125 silly resolved     dist: { shasum: 'f4920c702b45ced7f709db92778182129d11b8f4' },
125 silly resolved     _from: 'docpad' } ]
126 info install docpad@6.11.0 into /usr/local/lib
127 info installOne docpad@6.11.0
128 verbose from cache /Users/tyler/.npm/docpad/6.11.0/package/package.json
129 info /usr/local/lib/node_modules/docpad unbuild
130 verbose read json /usr/local/lib/node_modules/docpad/package.json
131 info /usr/local/lib/node_modules/docpad unbuild
132 verbose read json /usr/local/lib/node_modules/docpad/package.json
133 error error rolling back Error: UNKNOWN, unknown error '/usr/local/lib/node_modules/docpad/node_modules/.bin'
133 error error rolling back  docpad@6.11.0 { [Error: UNKNOWN, unknown error '/usr/local/lib/node_modules/docpad/node_modules/.bin']
133 error error rolling back   errno: -1,
133 error error rolling back   code: 'UNKNOWN',
133 error error rolling back   path: '/usr/local/lib/node_modules/docpad/node_modules/.bin' }
134 error Error: UNKNOWN, unknown error '/usr/local/lib/node_modules/docpad/node_modules/.bin'
135 error If you need help, you may report this log at:
135 error     <http://github.com/isaacs/npm/issues>
135 error or email it to:
135 error     <npm-@googlegroups.com>
136 error System Darwin 11.4.2
137 error command "node" "/usr/local/bin/npm" "install" "docpad" "-fg"
138 error cwd /Users/tyler/Sites/SonyBitbucket/src
139 error node -v v0.6.10
140 error npm -v 1.1.61
141 error path /usr/local/lib/node_modules/docpad/node_modules/.bin
142 error code UNKNOWN
143 error errno -1
144 verbose exit [ -1, true ]
